[0m16:34:51.099476 [debug] [MainThread]: Sending event: {'category': 'dbt', 'action': 'invocation', 'label': 'start', 'context': [<snowplow_tracker.self_describing_json.SelfDescribingJson object at 0x7fab06319550>, <snowplow_tracker.self_describing_json.SelfDescribingJson object at 0x7fab08586c10>, <snowplow_tracker.self_describing_json.SelfDescribingJson object at 0x7fab052e3b10>]}


============================== 16:34:51.133484 | dd270915-3010-4cdf-8d1b-13790faed3a4 ==============================
[0m16:34:51.133484 [info ] [MainThread]: Running with dbt=1.11.10
[0m16:34:51.133766 [debug] [MainThread]: running dbt with arguments {'use_colors': 'True', 'log_path': 'logs', 'introspect': 'True', 'static_parser': 'True', 'no_print': 'None', 'partial_parse': 'True', 'fail_fast': 'False', 'write_json': 'True', 'indirect_selection': 'eager', 'warn_error': 'None', 'printer_width': '80', 'target_path': 'None', 'warn_error_options': 'WarnErrorOptionsV2(error=[], warn=[], silence=[])', 'version_check': 'True', 'quiet': 'False', 'profiles_dir': '/home/jackl/.dbt', 'invocation_command': 'dbt init jaffle_shop', 'empty': 'None', 'log_format': 'default', 'use_experimental_parser': 'False', 'cache_selected_only': 'False', 'debug': 'False', 'log_cache_events': 'False', 'send_anonymous_usage_stats': 'True'}
[0m16:34:51.154793 [debug] [MainThread]: Starter project path: /home/jackl/prjs/dbt-tutorial/.venv/lib/python3.13/site-packages/dbt/include/starter_project
[0m16:34:51.155642 [info ] [MainThread]: 
Your new dbt project "jaffle_shop" was created!

For more information on how to configure the profiles.yml file,
please consult the dbt documentation here:

  https://docs.getdbt.com/docs/configure-your-profile

One more thing:

Need help? Don't hesitate to reach out to us via GitHub issues or on Slack:

  https://community.getdbt.com/

Happy modeling!

[0m16:34:51.155809 [info ] [MainThread]: Setting up your profile.
[0m16:35:41.994745 [info ] [MainThread]: Profile jaffle_shop written to /home/jackl/.dbt/profiles.yml using target's profile_template.yml and your supplied values. Run 'dbt debug' to validate the connection.
[0m16:35:41.995561 [debug] [MainThread]: Resource report: {"command_name": "init", "command_success": true, "command_wall_clock_time": 50.925415, "process_in_blocks": "848", "process_kernel_time": 0.078825, "process_mem_max_rss": "122824", "process_out_blocks": "1440", "process_user_time": 0.773292}
[0m16:35:41.995895 [debug] [MainThread]: Command `dbt init` succeeded at 16:35:41.995830 after 50.93 seconds
[0m16:35:41.996141 [debug] [MainThread]: Sending event: {'category': 'dbt', 'action': 'invocation', 'label': 'end', 'context': [<snowplow_tracker.self_describing_json.SelfDescribingJson object at 0x7fab05115a70>, <snowplow_tracker.self_describing_json.SelfDescribingJson object at 0x7fab058945f0>, <snowplow_tracker.self_describing_json.SelfDescribingJson object at 0x7fab051e89e0>]}
[0m16:35:41.996423 [debug] [MainThread]: Flushing usage events
[0m16:35:43.436448 [debug] [MainThread]: An error was encountered while trying to flush usage events
